	.text
	.syntax unified
	.eabi_attribute	67, "2.09"	@ Tag_conformance
	.cpu	cortex-m4
	.eabi_attribute	6, 13	@ Tag_CPU_arch
	.eabi_attribute	7, 77	@ Tag_CPU_arch_profile
	.eabi_attribute	8, 0	@ Tag_ARM_ISA_use
	.eabi_attribute	9, 2	@ Tag_THUMB_ISA_use
	.fpu	fpv4-sp-d16
	.eabi_attribute	27, 1	@ Tag_ABI_HardFP_use
	.eabi_attribute	36, 1	@ Tag_FP_HP_extension
	.eabi_attribute	34, 1	@ Tag_CPU_unaligned_access
	.eabi_attribute	17, 1	@ Tag_ABI_PCS_GOT_use
	.eabi_attribute	20, 2	@ Tag_ABI_FP_denormal
	.eabi_attribute	21, 0	@ Tag_ABI_FP_exceptions
	.eabi_attribute	23, 1	@ Tag_ABI_FP_number_model
	.eabi_attribute	24, 1	@ Tag_ABI_align_needed
	.eabi_attribute	25, 1	@ Tag_ABI_align_preserved
	.eabi_attribute	28, 1	@ Tag_ABI_VFP_args
	.eabi_attribute	38, 1	@ Tag_ABI_FP_16bit_format
	.eabi_attribute	18, 2	@ Tag_ABI_PCS_wchar_t
	.eabi_attribute	26, 1	@ Tag_ABI_enum_size
	.eabi_attribute	14, 0	@ Tag_ABI_PCS_R9_use
	.file	"rng.c"
	.file	1 "E:\\dianzi\\MDKv5\\ARM\\ARMCLANG\\Bin\\..\\include" "stdint.h"
	.file	2 "E:\\StudyNote\\study_STM32-HAL\\STM32F4_Quick_Start_Guide_HAL\\2.code\\20.RNG-Key\\Project" "../Libraries/CMSIS/Device/ST/STM32F4xx/Include/stm32f407xx.h"
	.file	3 "E:\\StudyNote\\study_STM32-HAL\\STM32F4_Quick_Start_Guide_HAL\\2.code\\20.RNG-Key\\Project" "../Libraries/STM32F4xx_HAL_Driver/Inc\\stm32f4xx_hal_rng.h"
	.file	4 "E:\\StudyNote\\study_STM32-HAL\\STM32F4_Quick_Start_Guide_HAL\\2.code\\20.RNG-Key\\Project" "../Libraries/STM32F4xx_HAL_Driver/Inc/stm32f4xx_hal_def.h"
	.file	5 "E:\\StudyNote\\study_STM32-HAL\\STM32F4_Quick_Start_Guide_HAL\\2.code\\20.RNG-Key\\Project" "../User/BSP/rng/rng.c"
	.file	6 "E:\\StudyNote\\study_STM32-HAL\\STM32F4_Quick_Start_Guide_HAL\\2.code\\20.RNG-Key\\Project" "../Libraries/CMSIS/Device/ST/STM32F4xx/Include\\stm32f4xx.h"
	.section	.text.RNG_Init,"ax",%progbits
	.hidden	RNG_Init                        @ -- Begin function RNG_Init
	.globl	RNG_Init
	.p2align	2
	.type	RNG_Init,%function
	.code	16                              @ @RNG_Init
	.thumb_func
RNG_Init:
.Lfunc_begin0:
	.loc	5 8 0                           @ ../User/BSP/rng/rng.c:8:0
	.fnstart
	.cfi_sections .debug_frame
	.cfi_startproc
@ %bb.0:
	.save	{r4, r5, r6, lr}
	push	{r4, r5, r6, lr}
	.cfi_def_cfa_offset 16
	.cfi_offset lr, -4
	.cfi_offset r6, -8
	.cfi_offset r5, -12
	.cfi_offset r4, -16
.Ltmp0:
	@DEBUG_VALUE: RNG_Init:retry <- 0
	.loc	5 10 25 prologue_end            @ ../User/BSP/rng/rng.c:10:25
	movw	r4, :lower16:rng_hangle
	movw	r0, #2048
	movt	r4, :upper16:rng_hangle
	movt	r0, #20486
	str	r0, [r4]
	.loc	5 11 5                          @ ../User/BSP/rng/rng.c:11:5
	mov	r0, r4
	bl	HAL_RNG_DeInit
.Ltmp1:
	.loc	5 12 5                          @ ../User/BSP/rng/rng.c:12:5
	mov	r0, r4
	bl	HAL_RNG_Init
.Ltmp2:
	.loc	5 13 11                         @ ../User/BSP/rng/rng.c:13:11
	ldr	r0, [r4]
	ldr	r0, [r0, #4]
	.loc	5 13 5 is_stmt 0                @ ../User/BSP/rng/rng.c:13:5
	lsls	r0, r0, #31
	itt	ne
	movne	r0, #0
	.loc	5 23 1 is_stmt 1                @ ../User/BSP/rng/rng.c:23:1
	popne	{r4, r5, r6, pc}
.Ltmp3:
.LBB0_1:
	@DEBUG_VALUE: RNG_Init:retry <- 0
	.loc	5 0 1 is_stmt 0                 @ ../User/BSP/rng/rng.c:0:1
	movs	r0, #0
	movw	r6, #9999
.Ltmp4:
	.p2align	2
.LBB0_2:                                @ =>This Inner Loop Header: Depth=1
	mov	r5, r0
.Ltmp5:
	@DEBUG_VALUE: RNG_Init:retry <- undef
	.loc	5 16 9 is_stmt 1                @ ../User/BSP/rng/rng.c:16:9
	movs	r0, #10
	bl	delay_us
.Ltmp6:
	.loc	5 13 11                         @ ../User/BSP/rng/rng.c:13:11
	ldr	r0, [r4]
	ldr	r0, [r0, #4]
	.loc	5 13 5 is_stmt 0                @ ../User/BSP/rng/rng.c:13:5
	lsls	r0, r0, #31
	bne	.LBB0_4
.Ltmp7:
@ %bb.3:                                @   in Loop: Header=BB0_2 Depth=1
	cmp	r5, r6
	.loc	5 0 0                           @ ../User/BSP/rng/rng.c:0:0
	add.w	r0, r5, #1
.Ltmp8:
	@DEBUG_VALUE: RNG_Init:retry <- $r0
	.loc	5 13 5                          @ ../User/BSP/rng/rng.c:13:5
	blo	.LBB0_2
.Ltmp9:
.LBB0_4:
	.loc	5 0 5                           @ ../User/BSP/rng/rng.c:0:5
	movw	r1, #9998
	movs	r0, #0
.Ltmp10:
	.loc	5 18 14 is_stmt 1               @ ../User/BSP/rng/rng.c:18:14
	cmp	r5, r1
	it	hi
	movhi	r0, #1
.Ltmp11:
	.loc	5 23 1                          @ ../User/BSP/rng/rng.c:23:1
	pop	{r4, r5, r6, pc}
.Ltmp12:
.Lfunc_end0:
	.size	RNG_Init, .Lfunc_end0-RNG_Init
	.cfi_endproc
	.cantunwind
	.fnend
                                        @ -- End function
	.section	.text.HAL_RGN_MspInit,"ax",%progbits
	.hidden	HAL_RGN_MspInit                 @ -- Begin function HAL_RGN_MspInit
	.globl	HAL_RGN_MspInit
	.p2align	2
	.type	HAL_RGN_MspInit,%function
	.code	16                              @ @HAL_RGN_MspInit
	.thumb_func
HAL_RGN_MspInit:
.Lfunc_begin1:
	.loc	5 26 0                          @ ../User/BSP/rng/rng.c:26:0
	.fnstart
	.cfi_startproc
@ %bb.0:
	@DEBUG_VALUE: HAL_RGN_MspInit:hRNG <- $r0
	.pad	#4
	sub	sp, #4
	.cfi_def_cfa_offset 4
	movs	r0, #0
.Ltmp13:
	@DEBUG_VALUE: HAL_RGN_MspInit:hRNG <- [DW_OP_LLVM_entry_value 1] $r0
	.loc	5 27 5 prologue_end             @ ../User/BSP/rng/rng.c:27:5
	str	r0, [sp]
	movw	r0, #14388
	movt	r0, #16386
	ldr	r1, [r0]
	orr	r1, r1, #64
	str	r1, [r0]
	ldr	r0, [r0]
	and	r0, r0, #64
	str	r0, [sp]
	ldr	r0, [sp]
.Ltmp14:
	.loc	5 28 1                          @ ../User/BSP/rng/rng.c:28:1
	add	sp, #4
	bx	lr
.Ltmp15:
.Lfunc_end1:
	.size	HAL_RGN_MspInit, .Lfunc_end1-HAL_RGN_MspInit
	.cfi_endproc
	.cantunwind
	.fnend
                                        @ -- End function
	.section	.text.rng_get_random,"ax",%progbits
	.hidden	rng_get_random                  @ -- Begin function rng_get_random
	.globl	rng_get_random
	.p2align	2
	.type	rng_get_random,%function
	.code	16                              @ @rng_get_random
	.thumb_func
rng_get_random:
.Lfunc_begin2:
	.loc	5 32 0                          @ ../User/BSP/rng/rng.c:32:0
	.fnstart
	.cfi_startproc
@ %bb.0:
	.save	{r7, lr}
	push	{r7, lr}
	.cfi_def_cfa_offset 8
	.cfi_offset lr, -4
	.cfi_offset r7, -8
	.pad	#8
	sub	sp, #8
	.cfi_def_cfa_offset 16
	movs	r0, #0
.Ltmp16:
	@DEBUG_VALUE: rng_get_random:random_num <- 0
	.loc	5 33 14 prologue_end            @ ../User/BSP/rng/rng.c:33:14
	str	r0, [sp, #4]
.Ltmp17:
	@DEBUG_VALUE: rng_get_random:random_num <- [DW_OP_plus_uconst 4, DW_OP_deref] $sp
	.loc	5 34 5                          @ ../User/BSP/rng/rng.c:34:5
	movw	r0, :lower16:rng_hangle
	movt	r0, :upper16:rng_hangle
	add	r1, sp, #4
	bl	HAL_RNG_GenerateRandomNumber
.Ltmp18:
	.loc	5 35 12                         @ ../User/BSP/rng/rng.c:35:12
	ldr	r0, [sp, #4]
.Ltmp19:
	@DEBUG_VALUE: rng_get_random:random_num <- $r0
	.loc	5 35 5 is_stmt 0                @ ../User/BSP/rng/rng.c:35:5
	add	sp, #8
	pop	{r7, pc}
.Ltmp20:
.Lfunc_end2:
	.size	rng_get_random, .Lfunc_end2-rng_get_random
	.cfi_endproc
	.cantunwind
	.fnend
                                        @ -- End function
	.section	.text.rng_get_random_range,"ax",%progbits
	.hidden	rng_get_random_range            @ -- Begin function rng_get_random_range
	.globl	rng_get_random_range
	.p2align	2
	.type	rng_get_random_range,%function
	.code	16                              @ @rng_get_random_range
	.thumb_func
rng_get_random_range:
.Lfunc_begin3:
	.loc	5 40 0 is_stmt 1                @ ../User/BSP/rng/rng.c:40:0
	.fnstart
	.cfi_startproc
@ %bb.0:
	@DEBUG_VALUE: rng_get_random_range:min <- $r0
	@DEBUG_VALUE: rng_get_random_range:max <- $r1
	.save	{r4, r5, r7, lr}
	push	{r4, r5, r7, lr}
	.cfi_def_cfa_offset 16
	.cfi_offset lr, -4
	.cfi_offset r7, -8
	.cfi_offset r5, -12
	.cfi_offset r4, -16
	.pad	#8
	sub	sp, #8
	.cfi_def_cfa_offset 24
	mov	r5, r0
.Ltmp21:
	@DEBUG_VALUE: rng_get_random_range:min <- $r5
	@DEBUG_VALUE: rng_get_random_range:min <- $r5
	movs	r0, #0
.Ltmp22:
	@DEBUG_VALUE: rng_get_random_range:random_num <- 0
	.loc	5 41 14 prologue_end            @ ../User/BSP/rng/rng.c:41:14
	str	r0, [sp, #4]
.Ltmp23:
	@DEBUG_VALUE: rng_get_random_range:random_num <- [DW_OP_plus_uconst 4, DW_OP_deref] $sp
	.loc	5 42 5                          @ ../User/BSP/rng/rng.c:42:5
	movw	r0, :lower16:rng_hangle
	mov	r4, r1
.Ltmp24:
	@DEBUG_VALUE: rng_get_random_range:max <- $r4
	@DEBUG_VALUE: rng_get_random_range:max <- $r4
	movt	r0, :upper16:rng_hangle
	add	r1, sp, #4
	bl	HAL_RNG_GenerateRandomNumber
.Ltmp25:
	.loc	5 43 13                         @ ../User/BSP/rng/rng.c:43:13
	ldr	r0, [sp, #4]
.Ltmp26:
	@DEBUG_VALUE: rng_get_random_range:random_num <- $r0
	.loc	5 43 37 is_stmt 0               @ ../User/BSP/rng/rng.c:43:37
	subs	r1, r4, r5
	adds	r1, #1
	.loc	5 43 24                         @ ../User/BSP/rng/rng.c:43:24
	udiv	r2, r0, r1
	mls	r0, r2, r1, r0
.Ltmp27:
	.loc	5 43 43                         @ ../User/BSP/rng/rng.c:43:43
	add	r0, r5
	.loc	5 43 5                          @ ../User/BSP/rng/rng.c:43:5
	add	sp, #8
	pop	{r4, r5, r7, pc}
.Ltmp28:
.Lfunc_end3:
	.size	rng_get_random_range, .Lfunc_end3-rng_get_random_range
	.cfi_endproc
	.cantunwind
	.fnend
                                        @ -- End function
	.hidden	rng_hangle                      @ @rng_hangle
	.type	rng_hangle,%object
	.section	.bss.rng_hangle,"aw",%nobits
	.globl	rng_hangle
	.p2align	2, 0x0
rng_hangle:
	.zero	16
	.size	rng_hangle, 16

	.section	.debug_loc,"",%progbits
.Ldebug_loc0:
	.long	-1
	.long	.Lfunc_begin0                   @   base address
	.long	.Ltmp0-.Lfunc_begin0
	.long	.Ltmp4-.Lfunc_begin0
	.short	2                               @ Loc expr size
	.byte	48                              @ DW_OP_lit0
	.byte	159                             @ DW_OP_stack_value
	.long	.Ltmp8-.Lfunc_begin0
	.long	.Ltmp9-.Lfunc_begin0
	.short	1                               @ Loc expr size
	.byte	80                              @ DW_OP_reg0
	.long	0
	.long	0
.Ldebug_loc1:
	.long	-1
	.long	.Lfunc_begin1                   @   base address
	.long	.Lfunc_begin1-.Lfunc_begin1
	.long	.Ltmp13-.Lfunc_begin1
	.short	1                               @ Loc expr size
	.byte	80                              @ DW_OP_reg0
	.long	.Ltmp13-.Lfunc_begin1
	.long	.Lfunc_end1-.Lfunc_begin1
	.short	4                               @ Loc expr size
	.byte	243                             @ DW_OP_GNU_entry_value
	.byte	1                               @ 1
	.byte	80                              @ DW_OP_reg0
	.byte	159                             @ DW_OP_stack_value
	.long	0
	.long	0
.Ldebug_loc2:
	.long	-1
	.long	.Lfunc_begin2                   @   base address
	.long	.Ltmp16-.Lfunc_begin2
	.long	.Ltmp17-.Lfunc_begin2
	.short	2                               @ Loc expr size
	.byte	48                              @ DW_OP_lit0
	.byte	159                             @ DW_OP_stack_value
	.long	.Ltmp17-.Lfunc_begin2
	.long	.Ltmp19-.Lfunc_begin2
	.short	2                               @ Loc expr size
	.byte	125                             @ DW_OP_breg13
	.byte	4                               @ 4
	.long	.Ltmp19-.Lfunc_begin2
	.long	.Lfunc_end2-.Lfunc_begin2
	.short	1                               @ Loc expr size
	.byte	80                              @ DW_OP_reg0
	.long	0
	.long	0
.Ldebug_loc3:
	.long	-1
	.long	.Lfunc_begin3                   @   base address
	.long	.Lfunc_begin3-.Lfunc_begin3
	.long	.Ltmp21-.Lfunc_begin3
	.short	1                               @ Loc expr size
	.byte	80                              @ DW_OP_reg0
	.long	.Ltmp21-.Lfunc_begin3
	.long	.Ltmp28-.Lfunc_begin3
	.short	1                               @ Loc expr size
	.byte	85                              @ DW_OP_reg5
	.long	0
	.long	0
.Ldebug_loc4:
	.long	-1
	.long	.Lfunc_begin3                   @   base address
	.long	.Lfunc_begin3-.Lfunc_begin3
	.long	.Ltmp24-.Lfunc_begin3
	.short	1                               @ Loc expr size
	.byte	81                              @ DW_OP_reg1
	.long	.Ltmp24-.Lfunc_begin3
	.long	.Ltmp28-.Lfunc_begin3
	.short	1                               @ Loc expr size
	.byte	84                              @ DW_OP_reg4
	.long	0
	.long	0
.Ldebug_loc5:
	.long	-1
	.long	.Lfunc_begin3                   @   base address
	.long	.Ltmp22-.Lfunc_begin3
	.long	.Ltmp23-.Lfunc_begin3
	.short	2                               @ Loc expr size
	.byte	48                              @ DW_OP_lit0
	.byte	159                             @ DW_OP_stack_value
	.long	.Ltmp23-.Lfunc_begin3
	.long	.Ltmp26-.Lfunc_begin3
	.short	2                               @ Loc expr size
	.byte	125                             @ DW_OP_breg13
	.byte	4                               @ 4
	.long	.Ltmp26-.Lfunc_begin3
	.long	.Ltmp27-.Lfunc_begin3
	.short	1                               @ Loc expr size
	.byte	80                              @ DW_OP_reg0
	.long	0
	.long	0
	.section	.debug_abbrev,"",%progbits
	.byte	1                               @ Abbreviation Code
	.byte	17                              @ DW_TAG_compile_unit
	.byte	1                               @ DW_CHILDREN_yes
	.byte	37                              @ DW_AT_producer
	.byte	14                              @ DW_FORM_strp
	.byte	19                              @ DW_AT_language
	.byte	5                               @ DW_FORM_data2
	.byte	3                               @ DW_AT_name
	.byte	14                              @ DW_FORM_strp
	.byte	16                              @ DW_AT_stmt_list
	.byte	23                              @ DW_FORM_sec_offset
	.byte	27                              @ DW_AT_comp_dir
	.byte	14                              @ DW_FORM_strp
	.byte	17                              @ DW_AT_low_pc
	.byte	1                               @ DW_FORM_addr
	.byte	85                              @ DW_AT_ranges
	.byte	23                              @ DW_FORM_sec_offset
	.byte	0                               @ EOM(1)
	.byte	0                               @ EOM(2)
	.byte	2                               @ Abbreviation Code
	.byte	52                              @ DW_TAG_variable
	.byte	0                               @ DW_CHILDREN_no
	.byte	3                               @ DW_AT_name
	.byte	14                              @ DW_FORM_strp
	.byte	73                              @ DW_AT_type
	.byte	19                              @ DW_FORM_ref4
	.byte	63                              @ DW_AT_external
	.byte	25                              @ DW_FORM_flag_present
	.byte	58                              @ DW_AT_decl_file
	.byte	11                              @ DW_FORM_data1
	.byte	59                              @ DW_AT_decl_line
	.byte	11                              @ DW_FORM_data1
	.byte	2                               @ DW_AT_location
	.byte	24                              @ DW_FORM_exprloc
	.byte	0                               @ EOM(1)
	.byte	0                               @ EOM(2)
	.byte	3                               @ Abbreviation Code
	.byte	22                              @ DW_TAG_typedef
	.byte	0                               @ DW_CHILDREN_no
	.byte	73                              @ DW_AT_type
	.byte	19                              @ DW_FORM_ref4
	.byte	3                               @ DW_AT_name
	.byte	14                              @ DW_FORM_strp
	.byte	58                              @ DW_AT_decl_file
	.byte	11                              @ DW_FORM_data1
	.byte	59                              @ DW_AT_decl_line
	.byte	11                              @ DW_FORM_data1
	.byte	0                               @ EOM(1)
	.byte	0                               @ EOM(2)
	.byte	4                               @ Abbreviation Code
	.byte	19                              @ DW_TAG_structure_type
	.byte	1                               @ DW_CHILDREN_yes
	.byte	11                              @ DW_AT_byte_size
	.byte	11                              @ DW_FORM_data1
	.byte	58                              @ DW_AT_decl_file
	.byte	11                              @ DW_FORM_data1
	.byte	59                              @ DW_AT_decl_line
	.byte	11                              @ DW_FORM_data1
	.byte	0                               @ EOM(1)
	.byte	0                               @ EOM(2)
	.byte	5                               @ Abbreviation Code
	.byte	13                              @ DW_TAG_member
	.byte	0                               @ DW_CHILDREN_no
	.byte	3                               @ DW_AT_name
	.byte	14                              @ DW_FORM_strp
	.byte	73                              @ DW_AT_type
	.byte	19                              @ DW_FORM_ref4
	.byte	58                              @ DW_AT_decl_file
	.byte	11                              @ DW_FORM_data1
	.byte	59                              @ DW_AT_decl_line
	.byte	11                              @ DW_FORM_data1
	.byte	56                              @ DW_AT_data_member_location
	.byte	11                              @ DW_FORM_data1
	.byte	0                               @ EOM(1)
	.byte	0                               @ EOM(2)
	.byte	6                               @ Abbreviation Code
	.byte	15                              @ DW_TAG_pointer_type
	.byte	0                               @ DW_CHILDREN_no
	.byte	73                              @ DW_AT_type
	.byte	19                              @ DW_FORM_ref4
	.byte	0                               @ EOM(1)
	.byte	0                               @ EOM(2)
	.byte	7                               @ Abbreviation Code
	.byte	22                              @ DW_TAG_typedef
	.byte	0                               @ DW_CHILDREN_no
	.byte	73                              @ DW_AT_type
	.byte	19                              @ DW_FORM_ref4
	.byte	3                               @ DW_AT_name
	.byte	14                              @ DW_FORM_strp
	.byte	58                              @ DW_AT_decl_file
	.byte	11                              @ DW_FORM_data1
	.byte	59                              @ DW_AT_decl_line
	.byte	5                               @ DW_FORM_data2
	.byte	0                               @ EOM(1)
	.byte	0                               @ EOM(2)
	.byte	8                               @ Abbreviation Code
	.byte	19                              @ DW_TAG_structure_type
	.byte	1                               @ DW_CHILDREN_yes
	.byte	11                              @ DW_AT_byte_size
	.byte	11                              @ DW_FORM_data1
	.byte	58                              @ DW_AT_decl_file
	.byte	11                              @ DW_FORM_data1
	.byte	59                              @ DW_AT_decl_line
	.byte	5                               @ DW_FORM_data2
	.byte	0                               @ EOM(1)
	.byte	0                               @ EOM(2)
	.byte	9                               @ Abbreviation Code
	.byte	13                              @ DW_TAG_member
	.byte	0                               @ DW_CHILDREN_no
	.byte	3                               @ DW_AT_name
	.byte	14                              @ DW_FORM_strp
	.byte	73                              @ DW_AT_type
	.byte	19                              @ DW_FORM_ref4
	.byte	58                              @ DW_AT_decl_file
	.byte	11                              @ DW_FORM_data1
	.byte	59                              @ DW_AT_decl_line
	.byte	5                               @ DW_FORM_data2
	.byte	56                              @ DW_AT_data_member_location
	.byte	11                              @ DW_FORM_data1
	.byte	0                               @ EOM(1)
	.byte	0                               @ EOM(2)
	.byte	10                              @ Abbreviation Code
	.byte	53                              @ DW_TAG_volatile_type
	.byte	0                               @ DW_CHILDREN_no
	.byte	73                              @ DW_AT_type
	.byte	19                              @ DW_FORM_ref4
	.byte	0                               @ EOM(1)
	.byte	0                               @ EOM(2)
	.byte	11                              @ Abbreviation Code
	.byte	36                              @ DW_TAG_base_type
	.byte	0                               @ DW_CHILDREN_no
	.byte	3                               @ DW_AT_name
	.byte	14                              @ DW_FORM_strp
	.byte	62                              @ DW_AT_encoding
	.byte	11                              @ DW_FORM_data1
	.byte	11                              @ DW_AT_byte_size
	.byte	11                              @ DW_FORM_data1
	.byte	0                               @ EOM(1)
	.byte	0                               @ EOM(2)
	.byte	12                              @ Abbreviation Code
	.byte	4                               @ DW_TAG_enumeration_type
	.byte	1                               @ DW_CHILDREN_yes
	.byte	73                              @ DW_AT_type
	.byte	19                              @ DW_FORM_ref4
	.byte	11                              @ DW_AT_byte_size
	.byte	11                              @ DW_FORM_data1
	.byte	58                              @ DW_AT_decl_file
	.byte	11                              @ DW_FORM_data1
	.byte	59                              @ DW_AT_decl_line
	.byte	11                              @ DW_FORM_data1
	.byte	0                               @ EOM(1)
	.byte	0                               @ EOM(2)
	.byte	13                              @ Abbreviation Code
	.byte	40                              @ DW_TAG_enumerator
	.byte	0                               @ DW_CHILDREN_no
	.byte	3                               @ DW_AT_name
	.byte	14                              @ DW_FORM_strp
	.byte	28                              @ DW_AT_const_value
	.byte	15                              @ DW_FORM_udata
	.byte	0                               @ EOM(1)
	.byte	0                               @ EOM(2)
	.byte	14                              @ Abbreviation Code
	.byte	1                               @ DW_TAG_array_type
	.byte	1                               @ DW_CHILDREN_yes
	.byte	73                              @ DW_AT_type
	.byte	19                              @ DW_FORM_ref4
	.byte	0                               @ EOM(1)
	.byte	0                               @ EOM(2)
	.byte	15                              @ Abbreviation Code
	.byte	33                              @ DW_TAG_subrange_type
	.byte	0                               @ DW_CHILDREN_no
	.byte	73                              @ DW_AT_type
	.byte	19                              @ DW_FORM_ref4
	.byte	55                              @ DW_AT_count
	.byte	11                              @ DW_FORM_data1
	.byte	0                               @ EOM(1)
	.byte	0                               @ EOM(2)
	.byte	16                              @ Abbreviation Code
	.byte	36                              @ DW_TAG_base_type
	.byte	0                               @ DW_CHILDREN_no
	.byte	3                               @ DW_AT_name
	.byte	14                              @ DW_FORM_strp
	.byte	11                              @ DW_AT_byte_size
	.byte	11                              @ DW_FORM_data1
	.byte	62                              @ DW_AT_encoding
	.byte	11                              @ DW_FORM_data1
	.byte	0                               @ EOM(1)
	.byte	0                               @ EOM(2)
	.byte	17                              @ Abbreviation Code
	.byte	46                              @ DW_TAG_subprogram
	.byte	1                               @ DW_CHILDREN_yes
	.byte	17                              @ DW_AT_low_pc
	.byte	1                               @ DW_FORM_addr
	.byte	18                              @ DW_AT_high_pc
	.byte	6                               @ DW_FORM_data4
	.byte	64                              @ DW_AT_frame_base
	.byte	24                              @ DW_FORM_exprloc
	.ascii	"\227B"                         @ DW_AT_GNU_all_call_sites
	.byte	25                              @ DW_FORM_flag_present
	.byte	3                               @ DW_AT_name
	.byte	14                              @ DW_FORM_strp
	.byte	58                              @ DW_AT_decl_file
	.byte	11                              @ DW_FORM_data1
	.byte	59                              @ DW_AT_decl_line
	.byte	11                              @ DW_FORM_data1
	.byte	39                              @ DW_AT_prototyped
	.byte	25                              @ DW_FORM_flag_present
	.byte	73                              @ DW_AT_type
	.byte	19                              @ DW_FORM_ref4
	.byte	63                              @ DW_AT_external
	.byte	25                              @ DW_FORM_flag_present
	.byte	0                               @ EOM(1)
	.byte	0                               @ EOM(2)
	.byte	18                              @ Abbreviation Code
	.byte	52                              @ DW_TAG_variable
	.byte	0                               @ DW_CHILDREN_no
	.byte	2                               @ DW_AT_location
	.byte	23                              @ DW_FORM_sec_offset
	.byte	3                               @ DW_AT_name
	.byte	14                              @ DW_FORM_strp
	.byte	58                              @ DW_AT_decl_file
	.byte	11                              @ DW_FORM_data1
	.byte	59                              @ DW_AT_decl_line
	.byte	11                              @ DW_FORM_data1
	.byte	73                              @ DW_AT_type
	.byte	19                              @ DW_FORM_ref4
	.byte	0                               @ EOM(1)
	.byte	0                               @ EOM(2)
	.byte	19                              @ Abbreviation Code
	.byte	46                              @ DW_TAG_subprogram
	.byte	1                               @ DW_CHILDREN_yes
	.byte	17                              @ DW_AT_low_pc
	.byte	1                               @ DW_FORM_addr
	.byte	18                              @ DW_AT_high_pc
	.byte	6                               @ DW_FORM_data4
	.byte	64                              @ DW_AT_frame_base
	.byte	24                              @ DW_FORM_exprloc
	.ascii	"\227B"                         @ DW_AT_GNU_all_call_sites
	.byte	25                              @ DW_FORM_flag_present
	.byte	3                               @ DW_AT_name
	.byte	14                              @ DW_FORM_strp
	.byte	58                              @ DW_AT_decl_file
	.byte	11                              @ DW_FORM_data1
	.byte	59                              @ DW_AT_decl_line
	.byte	11                              @ DW_FORM_data1
	.byte	39                              @ DW_AT_prototyped
	.byte	25                              @ DW_FORM_flag_present
	.byte	63                              @ DW_AT_external
	.byte	25                              @ DW_FORM_flag_present
	.byte	0                               @ EOM(1)
	.byte	0                               @ EOM(2)
	.byte	20                              @ Abbreviation Code
	.byte	5                               @ DW_TAG_formal_parameter
	.byte	0                               @ DW_CHILDREN_no
	.byte	2                               @ DW_AT_location
	.byte	23                              @ DW_FORM_sec_offset
	.byte	3                               @ DW_AT_name
	.byte	14                              @ DW_FORM_strp
	.byte	58                              @ DW_AT_decl_file
	.byte	11                              @ DW_FORM_data1
	.byte	59                              @ DW_AT_decl_line
	.byte	11                              @ DW_FORM_data1
	.byte	73                              @ DW_AT_type
	.byte	19                              @ DW_FORM_ref4
	.byte	0                               @ EOM(1)
	.byte	0                               @ EOM(2)
	.byte	21                              @ Abbreviation Code
	.byte	11                              @ DW_TAG_lexical_block
	.byte	1                               @ DW_CHILDREN_yes
	.byte	17                              @ DW_AT_low_pc
	.byte	1                               @ DW_FORM_addr
	.byte	18                              @ DW_AT_high_pc
	.byte	6                               @ DW_FORM_data4
	.byte	0                               @ EOM(1)
	.byte	0                               @ EOM(2)
	.byte	22                              @ Abbreviation Code
	.byte	52                              @ DW_TAG_variable
	.byte	0                               @ DW_CHILDREN_no
	.byte	2                               @ DW_AT_location
	.byte	24                              @ DW_FORM_exprloc
	.byte	3                               @ DW_AT_name
	.byte	14                              @ DW_FORM_strp
	.byte	58                              @ DW_AT_decl_file
	.byte	11                              @ DW_FORM_data1
	.byte	59                              @ DW_AT_decl_line
	.byte	11                              @ DW_FORM_data1
	.byte	73                              @ DW_AT_type
	.byte	19                              @ DW_FORM_ref4
	.byte	0                               @ EOM(1)
	.byte	0                               @ EOM(2)
	.byte	0                               @ EOM(3)
	.section	.debug_info,"",%progbits
.Lcu_begin0:
	.long	.Ldebug_info_end0-.Ldebug_info_start0 @ Length of Unit
.Ldebug_info_start0:
	.short	4                               @ DWARF version number
	.long	.debug_abbrev                   @ Offset Into Abbrev. Section
	.byte	4                               @ Address Size (in bytes)
	.byte	1                               @ Abbrev [1] 0xb:0x401 DW_TAG_compile_unit
	.long	.Linfo_string0                  @ DW_AT_producer
	.short	12                              @ DW_AT_language
	.long	.Linfo_string1                  @ DW_AT_name
	.long	.Lline_table_start0             @ DW_AT_stmt_list
	.long	.Linfo_string2                  @ DW_AT_comp_dir
	.long	0                               @ DW_AT_low_pc
	.long	.Ldebug_ranges0                 @ DW_AT_ranges
	.byte	2                               @ Abbrev [2] 0x26:0x11 DW_TAG_variable
	.long	.Linfo_string3                  @ DW_AT_name
	.long	55                              @ DW_AT_type
                                        @ DW_AT_external
	.byte	5                               @ DW_AT_decl_file
	.byte	4                               @ DW_AT_decl_line
	.byte	5                               @ DW_AT_location
	.byte	3
	.long	rng_hangle
	.byte	3                               @ Abbrev [3] 0x37:0xb DW_TAG_typedef
	.long	66                              @ DW_AT_type
	.long	.Linfo_string25                 @ DW_AT_name
	.byte	3                               @ DW_AT_decl_file
	.byte	100                             @ DW_AT_decl_line
	.byte	4                               @ Abbrev [4] 0x42:0x41 DW_TAG_structure_type
	.byte	16                              @ DW_AT_byte_size
	.byte	3                               @ DW_AT_decl_file
	.byte	79                              @ DW_AT_decl_line
	.byte	5                               @ Abbrev [5] 0x46:0xc DW_TAG_member
	.long	.Linfo_string4                  @ DW_AT_name
	.long	131                             @ DW_AT_type
	.byte	3                               @ DW_AT_decl_file
	.byte	82                              @ DW_AT_decl_line
	.byte	0                               @ DW_AT_data_member_location
	.byte	5                               @ Abbrev [5] 0x52:0xc DW_TAG_member
	.long	.Linfo_string11                 @ DW_AT_name
	.long	216                             @ DW_AT_type
	.byte	3                               @ DW_AT_decl_file
	.byte	84                              @ DW_AT_decl_line
	.byte	4                               @ DW_AT_data_member_location
	.byte	5                               @ Abbrev [5] 0x5e:0xc DW_TAG_member
	.long	.Linfo_string16                 @ DW_AT_name
	.long	255                             @ DW_AT_type
	.byte	3                               @ DW_AT_decl_file
	.byte	86                              @ DW_AT_decl_line
	.byte	5                               @ DW_AT_data_member_location
	.byte	5                               @ Abbrev [5] 0x6a:0xc DW_TAG_member
	.long	.Linfo_string23                 @ DW_AT_name
	.long	193                             @ DW_AT_type
	.byte	3                               @ DW_AT_decl_file
	.byte	88                              @ DW_AT_decl_line
	.byte	8                               @ DW_AT_data_member_location
	.byte	5                               @ Abbrev [5] 0x76:0xc DW_TAG_member
	.long	.Linfo_string24                 @ DW_AT_name
	.long	198                             @ DW_AT_type
	.byte	3                               @ DW_AT_decl_file
	.byte	90                              @ DW_AT_decl_line
	.byte	12                              @ DW_AT_data_member_location
	.byte	0                               @ End Of Children Mark
	.byte	6                               @ Abbrev [6] 0x83:0x5 DW_TAG_pointer_type
	.long	136                             @ DW_AT_type
	.byte	7                               @ Abbrev [7] 0x88:0xc DW_TAG_typedef
	.long	148                             @ DW_AT_type
	.long	.Linfo_string10                 @ DW_AT_name
	.byte	2                               @ DW_AT_decl_file
	.short	789                             @ DW_AT_decl_line
	.byte	8                               @ Abbrev [8] 0x94:0x2d DW_TAG_structure_type
	.byte	12                              @ DW_AT_byte_size
	.byte	2                               @ DW_AT_decl_file
	.short	784                             @ DW_AT_decl_line
	.byte	9                               @ Abbrev [9] 0x99:0xd DW_TAG_member
	.long	.Linfo_string5                  @ DW_AT_name
	.long	193                             @ DW_AT_type
	.byte	2                               @ DW_AT_decl_file
	.short	786                             @ DW_AT_decl_line
	.byte	0                               @ DW_AT_data_member_location
	.byte	9                               @ Abbrev [9] 0xa6:0xd DW_TAG_member
	.long	.Linfo_string8                  @ DW_AT_name
	.long	193                             @ DW_AT_type
	.byte	2                               @ DW_AT_decl_file
	.short	787                             @ DW_AT_decl_line
	.byte	4                               @ DW_AT_data_member_location
	.byte	9                               @ Abbrev [9] 0xb3:0xd DW_TAG_member
	.long	.Linfo_string9                  @ DW_AT_name
	.long	193                             @ DW_AT_type
	.byte	2                               @ DW_AT_decl_file
	.short	788                             @ DW_AT_decl_line
	.byte	8                               @ DW_AT_data_member_location
	.byte	0                               @ End Of Children Mark
	.byte	10                              @ Abbrev [10] 0xc1:0x5 DW_TAG_volatile_type
	.long	198                             @ DW_AT_type
	.byte	3                               @ Abbrev [3] 0xc6:0xb DW_TAG_typedef
	.long	209                             @ DW_AT_type
	.long	.Linfo_string7                  @ DW_AT_name
	.byte	1                               @ DW_AT_decl_file
	.byte	64                              @ DW_AT_decl_line
	.byte	11                              @ Abbrev [11] 0xd1:0x7 DW_TAG_base_type
	.long	.Linfo_string6                  @ DW_AT_name
	.byte	7                               @ DW_AT_encoding
	.byte	4                               @ DW_AT_byte_size
	.byte	3                               @ Abbrev [3] 0xd8:0xb DW_TAG_typedef
	.long	227                             @ DW_AT_type
	.long	.Linfo_string15                 @ DW_AT_name
	.byte	4                               @ DW_AT_decl_file
	.byte	54                              @ DW_AT_decl_line
	.byte	12                              @ Abbrev [12] 0xe3:0x15 DW_TAG_enumeration_type
	.long	248                             @ DW_AT_type
	.byte	1                               @ DW_AT_byte_size
	.byte	4                               @ DW_AT_decl_file
	.byte	50                              @ DW_AT_decl_line
	.byte	13                              @ Abbrev [13] 0xeb:0x6 DW_TAG_enumerator
	.long	.Linfo_string13                 @ DW_AT_name
	.byte	0                               @ DW_AT_const_value
	.byte	13                              @ Abbrev [13] 0xf1:0x6 DW_TAG_enumerator
	.long	.Linfo_string14                 @ DW_AT_name
	.byte	1                               @ DW_AT_const_value
	.byte	0                               @ End Of Children Mark
	.byte	11                              @ Abbrev [11] 0xf8:0x7 DW_TAG_base_type
	.long	.Linfo_string12                 @ DW_AT_name
	.byte	8                               @ DW_AT_encoding
	.byte	1                               @ DW_AT_byte_size
	.byte	10                              @ Abbrev [10] 0xff:0x5 DW_TAG_volatile_type
	.long	260                             @ DW_AT_type
	.byte	3                               @ Abbrev [3] 0x104:0xb DW_TAG_typedef
	.long	271                             @ DW_AT_type
	.long	.Linfo_string22                 @ DW_AT_name
	.byte	3                               @ DW_AT_decl_file
	.byte	67                              @ DW_AT_decl_line
	.byte	12                              @ Abbrev [12] 0x10f:0x27 DW_TAG_enumeration_type
	.long	248                             @ DW_AT_type
	.byte	1                               @ DW_AT_byte_size
	.byte	3                               @ DW_AT_decl_file
	.byte	59                              @ DW_AT_decl_line
	.byte	13                              @ Abbrev [13] 0x117:0x6 DW_TAG_enumerator
	.long	.Linfo_string17                 @ DW_AT_name
	.byte	0                               @ DW_AT_const_value
	.byte	13                              @ Abbrev [13] 0x11d:0x6 DW_TAG_enumerator
	.long	.Linfo_string18                 @ DW_AT_name
	.byte	1                               @ DW_AT_const_value
	.byte	13                              @ Abbrev [13] 0x123:0x6 DW_TAG_enumerator
	.long	.Linfo_string19                 @ DW_AT_name
	.byte	2                               @ DW_AT_const_value
	.byte	13                              @ Abbrev [13] 0x129:0x6 DW_TAG_enumerator
	.long	.Linfo_string20                 @ DW_AT_name
	.byte	3                               @ DW_AT_const_value
	.byte	13                              @ Abbrev [13] 0x12f:0x6 DW_TAG_enumerator
	.long	.Linfo_string21                 @ DW_AT_name
	.byte	4                               @ DW_AT_const_value
	.byte	0                               @ End Of Children Mark
	.byte	12                              @ Abbrev [12] 0x136:0x21 DW_TAG_enumeration_type
	.long	248                             @ DW_AT_type
	.byte	1                               @ DW_AT_byte_size
	.byte	4                               @ DW_AT_decl_file
	.byte	39                              @ DW_AT_decl_line
	.byte	13                              @ Abbrev [13] 0x13e:0x6 DW_TAG_enumerator
	.long	.Linfo_string26                 @ DW_AT_name
	.byte	0                               @ DW_AT_const_value
	.byte	13                              @ Abbrev [13] 0x144:0x6 DW_TAG_enumerator
	.long	.Linfo_string27                 @ DW_AT_name
	.byte	1                               @ DW_AT_const_value
	.byte	13                              @ Abbrev [13] 0x14a:0x6 DW_TAG_enumerator
	.long	.Linfo_string28                 @ DW_AT_name
	.byte	2                               @ DW_AT_const_value
	.byte	13                              @ Abbrev [13] 0x150:0x6 DW_TAG_enumerator
	.long	.Linfo_string29                 @ DW_AT_name
	.byte	3                               @ DW_AT_const_value
	.byte	0                               @ End Of Children Mark
	.byte	12                              @ Abbrev [12] 0x157:0x15 DW_TAG_enumeration_type
	.long	248                             @ DW_AT_type
	.byte	1                               @ DW_AT_byte_size
	.byte	6                               @ DW_AT_decl_file
	.byte	185                             @ DW_AT_decl_line
	.byte	13                              @ Abbrev [13] 0x15f:0x6 DW_TAG_enumerator
	.long	.Linfo_string30                 @ DW_AT_name
	.byte	0                               @ DW_AT_const_value
	.byte	13                              @ Abbrev [13] 0x165:0x6 DW_TAG_enumerator
	.long	.Linfo_string31                 @ DW_AT_name
	.byte	1                               @ DW_AT_const_value
	.byte	0                               @ End Of Children Mark
	.byte	6                               @ Abbrev [6] 0x16c:0x5 DW_TAG_pointer_type
	.long	369                             @ DW_AT_type
	.byte	7                               @ Abbrev [7] 0x171:0xc DW_TAG_typedef
	.long	381                             @ DW_AT_type
	.long	.Linfo_string62                 @ DW_AT_name
	.byte	2                               @ DW_AT_decl_file
	.short	629                             @ DW_AT_decl_line
	.byte	8                               @ Abbrev [8] 0x17d:0x18c DW_TAG_structure_type
	.byte	136                             @ DW_AT_byte_size
	.byte	2                               @ DW_AT_decl_file
	.short	597                             @ DW_AT_decl_line
	.byte	9                               @ Abbrev [9] 0x182:0xd DW_TAG_member
	.long	.Linfo_string5                  @ DW_AT_name
	.long	193                             @ DW_AT_type
	.byte	2                               @ DW_AT_decl_file
	.short	599                             @ DW_AT_decl_line
	.byte	0                               @ DW_AT_data_member_location
	.byte	9                               @ Abbrev [9] 0x18f:0xd DW_TAG_member
	.long	.Linfo_string32                 @ DW_AT_name
	.long	193                             @ DW_AT_type
	.byte	2                               @ DW_AT_decl_file
	.short	600                             @ DW_AT_decl_line
	.byte	4                               @ DW_AT_data_member_location
	.byte	9                               @ Abbrev [9] 0x19c:0xd DW_TAG_member
	.long	.Linfo_string33                 @ DW_AT_name
	.long	193                             @ DW_AT_type
	.byte	2                               @ DW_AT_decl_file
	.short	601                             @ DW_AT_decl_line
	.byte	8                               @ DW_AT_data_member_location
	.byte	9                               @ Abbrev [9] 0x1a9:0xd DW_TAG_member
	.long	.Linfo_string34                 @ DW_AT_name
	.long	193                             @ DW_AT_type
	.byte	2                               @ DW_AT_decl_file
	.short	602                             @ DW_AT_decl_line
	.byte	12                              @ DW_AT_data_member_location
	.byte	9                               @ Abbrev [9] 0x1b6:0xd DW_TAG_member
	.long	.Linfo_string35                 @ DW_AT_name
	.long	193                             @ DW_AT_type
	.byte	2                               @ DW_AT_decl_file
	.short	603                             @ DW_AT_decl_line
	.byte	16                              @ DW_AT_data_member_location
	.byte	9                               @ Abbrev [9] 0x1c3:0xd DW_TAG_member
	.long	.Linfo_string36                 @ DW_AT_name
	.long	193                             @ DW_AT_type
	.byte	2                               @ DW_AT_decl_file
	.short	604                             @ DW_AT_decl_line
	.byte	20                              @ DW_AT_data_member_location
	.byte	9                               @ Abbrev [9] 0x1d0:0xd DW_TAG_member
	.long	.Linfo_string37                 @ DW_AT_name
	.long	193                             @ DW_AT_type
	.byte	2                               @ DW_AT_decl_file
	.short	605                             @ DW_AT_decl_line
	.byte	24                              @ DW_AT_data_member_location
	.byte	9                               @ Abbrev [9] 0x1dd:0xd DW_TAG_member
	.long	.Linfo_string38                 @ DW_AT_name
	.long	198                             @ DW_AT_type
	.byte	2                               @ DW_AT_decl_file
	.short	606                             @ DW_AT_decl_line
	.byte	28                              @ DW_AT_data_member_location
	.byte	9                               @ Abbrev [9] 0x1ea:0xd DW_TAG_member
	.long	.Linfo_string39                 @ DW_AT_name
	.long	193                             @ DW_AT_type
	.byte	2                               @ DW_AT_decl_file
	.short	607                             @ DW_AT_decl_line
	.byte	32                              @ DW_AT_data_member_location
	.byte	9                               @ Abbrev [9] 0x1f7:0xd DW_TAG_member
	.long	.Linfo_string40                 @ DW_AT_name
	.long	193                             @ DW_AT_type
	.byte	2                               @ DW_AT_decl_file
	.short	608                             @ DW_AT_decl_line
	.byte	36                              @ DW_AT_data_member_location
	.byte	9                               @ Abbrev [9] 0x204:0xd DW_TAG_member
	.long	.Linfo_string41                 @ DW_AT_name
	.long	777                             @ DW_AT_type
	.byte	2                               @ DW_AT_decl_file
	.short	609                             @ DW_AT_decl_line
	.byte	40                              @ DW_AT_data_member_location
	.byte	9                               @ Abbrev [9] 0x211:0xd DW_TAG_member
	.long	.Linfo_string43                 @ DW_AT_name
	.long	193                             @ DW_AT_type
	.byte	2                               @ DW_AT_decl_file
	.short	610                             @ DW_AT_decl_line
	.byte	48                              @ DW_AT_data_member_location
	.byte	9                               @ Abbrev [9] 0x21e:0xd DW_TAG_member
	.long	.Linfo_string44                 @ DW_AT_name
	.long	193                             @ DW_AT_type
	.byte	2                               @ DW_AT_decl_file
	.short	611                             @ DW_AT_decl_line
	.byte	52                              @ DW_AT_data_member_location
	.byte	9                               @ Abbrev [9] 0x22b:0xd DW_TAG_member
	.long	.Linfo_string45                 @ DW_AT_name
	.long	193                             @ DW_AT_type
	.byte	2                               @ DW_AT_decl_file
	.short	612                             @ DW_AT_decl_line
	.byte	56                              @ DW_AT_data_member_location
	.byte	9                               @ Abbrev [9] 0x238:0xd DW_TAG_member
	.long	.Linfo_string46                 @ DW_AT_name
	.long	198                             @ DW_AT_type
	.byte	2                               @ DW_AT_decl_file
	.short	613                             @ DW_AT_decl_line
	.byte	60                              @ DW_AT_data_member_location
	.byte	9                               @ Abbrev [9] 0x245:0xd DW_TAG_member
	.long	.Linfo_string47                 @ DW_AT_name
	.long	193                             @ DW_AT_type
	.byte	2                               @ DW_AT_decl_file
	.short	614                             @ DW_AT_decl_line
	.byte	64                              @ DW_AT_data_member_location
	.byte	9                               @ Abbrev [9] 0x252:0xd DW_TAG_member
	.long	.Linfo_string48                 @ DW_AT_name
	.long	193                             @ DW_AT_type
	.byte	2                               @ DW_AT_decl_file
	.short	615                             @ DW_AT_decl_line
	.byte	68                              @ DW_AT_data_member_location
	.byte	9                               @ Abbrev [9] 0x25f:0xd DW_TAG_member
	.long	.Linfo_string49                 @ DW_AT_name
	.long	777                             @ DW_AT_type
	.byte	2                               @ DW_AT_decl_file
	.short	616                             @ DW_AT_decl_line
	.byte	72                              @ DW_AT_data_member_location
	.byte	9                               @ Abbrev [9] 0x26c:0xd DW_TAG_member
	.long	.Linfo_string50                 @ DW_AT_name
	.long	193                             @ DW_AT_type
	.byte	2                               @ DW_AT_decl_file
	.short	617                             @ DW_AT_decl_line
	.byte	80                              @ DW_AT_data_member_location
	.byte	9                               @ Abbrev [9] 0x279:0xd DW_TAG_member
	.long	.Linfo_string51                 @ DW_AT_name
	.long	193                             @ DW_AT_type
	.byte	2                               @ DW_AT_decl_file
	.short	618                             @ DW_AT_decl_line
	.byte	84                              @ DW_AT_data_member_location
	.byte	9                               @ Abbrev [9] 0x286:0xd DW_TAG_member
	.long	.Linfo_string52                 @ DW_AT_name
	.long	193                             @ DW_AT_type
	.byte	2                               @ DW_AT_decl_file
	.short	619                             @ DW_AT_decl_line
	.byte	88                              @ DW_AT_data_member_location
	.byte	9                               @ Abbrev [9] 0x293:0xd DW_TAG_member
	.long	.Linfo_string53                 @ DW_AT_name
	.long	198                             @ DW_AT_type
	.byte	2                               @ DW_AT_decl_file
	.short	620                             @ DW_AT_decl_line
	.byte	92                              @ DW_AT_data_member_location
	.byte	9                               @ Abbrev [9] 0x2a0:0xd DW_TAG_member
	.long	.Linfo_string54                 @ DW_AT_name
	.long	193                             @ DW_AT_type
	.byte	2                               @ DW_AT_decl_file
	.short	621                             @ DW_AT_decl_line
	.byte	96                              @ DW_AT_data_member_location
	.byte	9                               @ Abbrev [9] 0x2ad:0xd DW_TAG_member
	.long	.Linfo_string55                 @ DW_AT_name
	.long	193                             @ DW_AT_type
	.byte	2                               @ DW_AT_decl_file
	.short	622                             @ DW_AT_decl_line
	.byte	100                             @ DW_AT_data_member_location
	.byte	9                               @ Abbrev [9] 0x2ba:0xd DW_TAG_member
	.long	.Linfo_string56                 @ DW_AT_name
	.long	777                             @ DW_AT_type
	.byte	2                               @ DW_AT_decl_file
	.short	623                             @ DW_AT_decl_line
	.byte	104                             @ DW_AT_data_member_location
	.byte	9                               @ Abbrev [9] 0x2c7:0xd DW_TAG_member
	.long	.Linfo_string57                 @ DW_AT_name
	.long	193                             @ DW_AT_type
	.byte	2                               @ DW_AT_decl_file
	.short	624                             @ DW_AT_decl_line
	.byte	112                             @ DW_AT_data_member_location
	.byte	9                               @ Abbrev [9] 0x2d4:0xd DW_TAG_member
	.long	.Linfo_string58                 @ DW_AT_name
	.long	193                             @ DW_AT_type
	.byte	2                               @ DW_AT_decl_file
	.short	625                             @ DW_AT_decl_line
	.byte	116                             @ DW_AT_data_member_location
	.byte	9                               @ Abbrev [9] 0x2e1:0xd DW_TAG_member
	.long	.Linfo_string59                 @ DW_AT_name
	.long	777                             @ DW_AT_type
	.byte	2                               @ DW_AT_decl_file
	.short	626                             @ DW_AT_decl_line
	.byte	120                             @ DW_AT_data_member_location
	.byte	9                               @ Abbrev [9] 0x2ee:0xd DW_TAG_member
	.long	.Linfo_string60                 @ DW_AT_name
	.long	193                             @ DW_AT_type
	.byte	2                               @ DW_AT_decl_file
	.short	627                             @ DW_AT_decl_line
	.byte	128                             @ DW_AT_data_member_location
	.byte	9                               @ Abbrev [9] 0x2fb:0xd DW_TAG_member
	.long	.Linfo_string61                 @ DW_AT_name
	.long	193                             @ DW_AT_type
	.byte	2                               @ DW_AT_decl_file
	.short	628                             @ DW_AT_decl_line
	.byte	132                             @ DW_AT_data_member_location
	.byte	0                               @ End Of Children Mark
	.byte	14                              @ Abbrev [14] 0x309:0xc DW_TAG_array_type
	.long	198                             @ DW_AT_type
	.byte	15                              @ Abbrev [15] 0x30e:0x6 DW_TAG_subrange_type
	.long	789                             @ DW_AT_type
	.byte	2                               @ DW_AT_count
	.byte	0                               @ End Of Children Mark
	.byte	16                              @ Abbrev [16] 0x315:0x7 DW_TAG_base_type
	.long	.Linfo_string42                 @ DW_AT_name
	.byte	8                               @ DW_AT_byte_size
	.byte	7                               @ DW_AT_encoding
	.byte	17                              @ Abbrev [17] 0x31c:0x25 DW_TAG_subprogram
	.long	.Lfunc_begin0                   @ DW_AT_low_pc
	.long	.Lfunc_end0-.Lfunc_begin0       @ DW_AT_high_pc
	.byte	1                               @ DW_AT_frame_base
	.byte	93
                                        @ DW_AT_GNU_all_call_sites
	.long	.Linfo_string63                 @ DW_AT_name
	.byte	5                               @ DW_AT_decl_file
	.byte	7                               @ DW_AT_decl_line
                                        @ DW_AT_prototyped
	.long	994                             @ DW_AT_type
                                        @ DW_AT_external
	.byte	18                              @ Abbrev [18] 0x331:0xf DW_TAG_variable
	.long	.Ldebug_loc0                    @ DW_AT_location
	.long	.Linfo_string68                 @ DW_AT_name
	.byte	5                               @ DW_AT_decl_file
	.byte	9                               @ DW_AT_decl_line
	.long	1005                            @ DW_AT_type
	.byte	0                               @ End Of Children Mark
	.byte	19                              @ Abbrev [19] 0x341:0x39 DW_TAG_subprogram
	.long	.Lfunc_begin1                   @ DW_AT_low_pc
	.long	.Lfunc_end1-.Lfunc_begin1       @ DW_AT_high_pc
	.byte	1                               @ DW_AT_frame_base
	.byte	93
                                        @ DW_AT_GNU_all_call_sites
	.long	.Linfo_string65                 @ DW_AT_name
	.byte	5                               @ DW_AT_decl_file
	.byte	25                              @ DW_AT_decl_line
                                        @ DW_AT_prototyped
                                        @ DW_AT_external
	.byte	20                              @ Abbrev [20] 0x352:0xf DW_TAG_formal_parameter
	.long	.Ldebug_loc1                    @ DW_AT_location
	.long	.Linfo_string72                 @ DW_AT_name
	.byte	5                               @ DW_AT_decl_file
	.byte	25                              @ DW_AT_decl_line
	.long	1023                            @ DW_AT_type
	.byte	21                              @ Abbrev [21] 0x361:0x18 DW_TAG_lexical_block
	.long	.Ltmp13                         @ DW_AT_low_pc
	.long	.Ltmp14-.Ltmp13                 @ DW_AT_high_pc
	.byte	22                              @ Abbrev [22] 0x36a:0xe DW_TAG_variable
	.byte	2                               @ DW_AT_location
	.byte	145
	.byte	0
	.long	.Linfo_string71                 @ DW_AT_name
	.byte	5                               @ DW_AT_decl_file
	.byte	27                              @ DW_AT_decl_line
	.long	193                             @ DW_AT_type
	.byte	0                               @ End Of Children Mark
	.byte	0                               @ End Of Children Mark
	.byte	17                              @ Abbrev [17] 0x37a:0x25 DW_TAG_subprogram
	.long	.Lfunc_begin2                   @ DW_AT_low_pc
	.long	.Lfunc_end2-.Lfunc_begin2       @ DW_AT_high_pc
	.byte	1                               @ DW_AT_frame_base
	.byte	93
                                        @ DW_AT_GNU_all_call_sites
	.long	.Linfo_string66                 @ DW_AT_name
	.byte	5                               @ DW_AT_decl_file
	.byte	31                              @ DW_AT_decl_line
                                        @ DW_AT_prototyped
	.long	198                             @ DW_AT_type
                                        @ DW_AT_external
	.byte	18                              @ Abbrev [18] 0x38f:0xf DW_TAG_variable
	.long	.Ldebug_loc2                    @ DW_AT_location
	.long	.Linfo_string73                 @ DW_AT_name
	.byte	5                               @ DW_AT_decl_file
	.byte	33                              @ DW_AT_decl_line
	.long	198                             @ DW_AT_type
	.byte	0                               @ End Of Children Mark
	.byte	17                              @ Abbrev [17] 0x39f:0x43 DW_TAG_subprogram
	.long	.Lfunc_begin3                   @ DW_AT_low_pc
	.long	.Lfunc_end3-.Lfunc_begin3       @ DW_AT_high_pc
	.byte	1                               @ DW_AT_frame_base
	.byte	93
                                        @ DW_AT_GNU_all_call_sites
	.long	.Linfo_string67                 @ DW_AT_name
	.byte	5                               @ DW_AT_decl_file
	.byte	39                              @ DW_AT_decl_line
                                        @ DW_AT_prototyped
	.long	198                             @ DW_AT_type
                                        @ DW_AT_external
	.byte	20                              @ Abbrev [20] 0x3b4:0xf DW_TAG_formal_parameter
	.long	.Ldebug_loc3                    @ DW_AT_location
	.long	.Linfo_string74                 @ DW_AT_name
	.byte	5                               @ DW_AT_decl_file
	.byte	39                              @ DW_AT_decl_line
	.long	1028                            @ DW_AT_type
	.byte	20                              @ Abbrev [20] 0x3c3:0xf DW_TAG_formal_parameter
	.long	.Ldebug_loc4                    @ DW_AT_location
	.long	.Linfo_string76                 @ DW_AT_name
	.byte	5                               @ DW_AT_decl_file
	.byte	39                              @ DW_AT_decl_line
	.long	1028                            @ DW_AT_type
	.byte	18                              @ Abbrev [18] 0x3d2:0xf DW_TAG_variable
	.long	.Ldebug_loc5                    @ DW_AT_location
	.long	.Linfo_string73                 @ DW_AT_name
	.byte	5                               @ DW_AT_decl_file
	.byte	41                              @ DW_AT_decl_line
	.long	198                             @ DW_AT_type
	.byte	0                               @ End Of Children Mark
	.byte	3                               @ Abbrev [3] 0x3e2:0xb DW_TAG_typedef
	.long	248                             @ DW_AT_type
	.long	.Linfo_string64                 @ DW_AT_name
	.byte	1                               @ DW_AT_decl_file
	.byte	62                              @ DW_AT_decl_line
	.byte	3                               @ Abbrev [3] 0x3ed:0xb DW_TAG_typedef
	.long	1016                            @ DW_AT_type
	.long	.Linfo_string70                 @ DW_AT_name
	.byte	1                               @ DW_AT_decl_file
	.byte	63                              @ DW_AT_decl_line
	.byte	11                              @ Abbrev [11] 0x3f8:0x7 DW_TAG_base_type
	.long	.Linfo_string69                 @ DW_AT_name
	.byte	7                               @ DW_AT_encoding
	.byte	2                               @ DW_AT_byte_size
	.byte	6                               @ Abbrev [6] 0x3ff:0x5 DW_TAG_pointer_type
	.long	55                              @ DW_AT_type
	.byte	11                              @ Abbrev [11] 0x404:0x7 DW_TAG_base_type
	.long	.Linfo_string75                 @ DW_AT_name
	.byte	5                               @ DW_AT_encoding
	.byte	4                               @ DW_AT_byte_size
	.byte	0                               @ End Of Children Mark
.Ldebug_info_end0:
	.section	.debug_ranges,"",%progbits
.Ldebug_ranges0:
	.long	.Lfunc_begin0
	.long	.Lfunc_end0
	.long	.Lfunc_begin1
	.long	.Lfunc_end1
	.long	.Lfunc_begin2
	.long	.Lfunc_end2
	.long	.Lfunc_begin3
	.long	.Lfunc_end3
	.long	0
	.long	0
	.section	.debug_str,"MS",%progbits,1
.Linfo_string0:
	.asciz	"Component: Arm Compiler for Embedded 6.19 Tool: armclang [5e73cb00]" @ string offset=0
.Linfo_string1:
	.asciz	"../User/BSP/rng\\rng.c"        @ string offset=68
.Linfo_string2:
	.asciz	"E:\\StudyNote\\study_STM32-HAL\\STM32F4_Quick_Start_Guide_HAL\\2.code\\20.RNG-Key\\Project" @ string offset=90
.Linfo_string3:
	.asciz	"rng_hangle"                    @ string offset=175
.Linfo_string4:
	.asciz	"Instance"                      @ string offset=186
.Linfo_string5:
	.asciz	"CR"                            @ string offset=195
.Linfo_string6:
	.asciz	"unsigned int"                  @ string offset=198
.Linfo_string7:
	.asciz	"uint32_t"                      @ string offset=211
.Linfo_string8:
	.asciz	"SR"                            @ string offset=220
.Linfo_string9:
	.asciz	"DR"                            @ string offset=223
.Linfo_string10:
	.asciz	"RNG_TypeDef"                   @ string offset=226
.Linfo_string11:
	.asciz	"Lock"                          @ string offset=238
.Linfo_string12:
	.asciz	"unsigned char"                 @ string offset=243
.Linfo_string13:
	.asciz	"HAL_UNLOCKED"                  @ string offset=257
.Linfo_string14:
	.asciz	"HAL_LOCKED"                    @ string offset=270
.Linfo_string15:
	.asciz	"HAL_LockTypeDef"               @ string offset=281
.Linfo_string16:
	.asciz	"State"                         @ string offset=297
.Linfo_string17:
	.asciz	"HAL_RNG_STATE_RESET"           @ string offset=303
.Linfo_string18:
	.asciz	"HAL_RNG_STATE_READY"           @ string offset=323
.Linfo_string19:
	.asciz	"HAL_RNG_STATE_BUSY"            @ string offset=343
.Linfo_string20:
	.asciz	"HAL_RNG_STATE_TIMEOUT"         @ string offset=362
.Linfo_string21:
	.asciz	"HAL_RNG_STATE_ERROR"           @ string offset=384
.Linfo_string22:
	.asciz	"HAL_RNG_StateTypeDef"          @ string offset=404
.Linfo_string23:
	.asciz	"ErrorCode"                     @ string offset=425
.Linfo_string24:
	.asciz	"RandomNumber"                  @ string offset=435
.Linfo_string25:
	.asciz	"RNG_HandleTypeDef"             @ string offset=448
.Linfo_string26:
	.asciz	"HAL_OK"                        @ string offset=466
.Linfo_string27:
	.asciz	"HAL_ERROR"                     @ string offset=473
.Linfo_string28:
	.asciz	"HAL_BUSY"                      @ string offset=483
.Linfo_string29:
	.asciz	"HAL_TIMEOUT"                   @ string offset=492
.Linfo_string30:
	.asciz	"RESET"                         @ string offset=504
.Linfo_string31:
	.asciz	"SET"                           @ string offset=510
.Linfo_string32:
	.asciz	"PLLCFGR"                       @ string offset=514
.Linfo_string33:
	.asciz	"CFGR"                          @ string offset=522
.Linfo_string34:
	.asciz	"CIR"                           @ string offset=527
.Linfo_string35:
	.asciz	"AHB1RSTR"                      @ string offset=531
.Linfo_string36:
	.asciz	"AHB2RSTR"                      @ string offset=540
.Linfo_string37:
	.asciz	"AHB3RSTR"                      @ string offset=549
.Linfo_string38:
	.asciz	"RESERVED0"                     @ string offset=558
.Linfo_string39:
	.asciz	"APB1RSTR"                      @ string offset=568
.Linfo_string40:
	.asciz	"APB2RSTR"                      @ string offset=577
.Linfo_string41:
	.asciz	"RESERVED1"                     @ string offset=586
.Linfo_string42:
	.asciz	"__ARRAY_SIZE_TYPE__"           @ string offset=596
.Linfo_string43:
	.asciz	"AHB1ENR"                       @ string offset=616
.Linfo_string44:
	.asciz	"AHB2ENR"                       @ string offset=624
.Linfo_string45:
	.asciz	"AHB3ENR"                       @ string offset=632
.Linfo_string46:
	.asciz	"RESERVED2"                     @ string offset=640
.Linfo_string47:
	.asciz	"APB1ENR"                       @ string offset=650
.Linfo_string48:
	.asciz	"APB2ENR"                       @ string offset=658
.Linfo_string49:
	.asciz	"RESERVED3"                     @ string offset=666
.Linfo_string50:
	.asciz	"AHB1LPENR"                     @ string offset=676
.Linfo_string51:
	.asciz	"AHB2LPENR"                     @ string offset=686
.Linfo_string52:
	.asciz	"AHB3LPENR"                     @ string offset=696
.Linfo_string53:
	.asciz	"RESERVED4"                     @ string offset=706
.Linfo_string54:
	.asciz	"APB1LPENR"                     @ string offset=716
.Linfo_string55:
	.asciz	"APB2LPENR"                     @ string offset=726
.Linfo_string56:
	.asciz	"RESERVED5"                     @ string offset=736
.Linfo_string57:
	.asciz	"BDCR"                          @ string offset=746
.Linfo_string58:
	.asciz	"CSR"                           @ string offset=751
.Linfo_string59:
	.asciz	"RESERVED6"                     @ string offset=755
.Linfo_string60:
	.asciz	"SSCGR"                         @ string offset=765
.Linfo_string61:
	.asciz	"PLLI2SCFGR"                    @ string offset=771
.Linfo_string62:
	.asciz	"RCC_TypeDef"                   @ string offset=782
.Linfo_string63:
	.asciz	"RNG_Init"                      @ string offset=794
.Linfo_string64:
	.asciz	"uint8_t"                       @ string offset=803
.Linfo_string65:
	.asciz	"HAL_RGN_MspInit"               @ string offset=811
.Linfo_string66:
	.asciz	"rng_get_random"                @ string offset=827
.Linfo_string67:
	.asciz	"rng_get_random_range"          @ string offset=842
.Linfo_string68:
	.asciz	"retry"                         @ string offset=863
.Linfo_string69:
	.asciz	"unsigned short"                @ string offset=869
.Linfo_string70:
	.asciz	"uint16_t"                      @ string offset=884
.Linfo_string71:
	.asciz	"tmpreg"                        @ string offset=893
.Linfo_string72:
	.asciz	"hRNG"                          @ string offset=900
.Linfo_string73:
	.asciz	"random_num"                    @ string offset=905
.Linfo_string74:
	.asciz	"min"                           @ string offset=916
.Linfo_string75:
	.asciz	"int"                           @ string offset=920
.Linfo_string76:
	.asciz	"max"                           @ string offset=924
	.ident	"Component: Arm Compiler for Embedded 6.19 Tool: armclang [5e73cb00]"
	.section	".note.GNU-stack","",%progbits
	.eabi_attribute	30, 1	@ Tag_ABI_optimization_goals
	.ARM_attribute	16, 1	@ Tag_AV_eba
	.section	.debug_line,"",%progbits
.Lline_table_start0:
